aa aa
ahfeodtvtuq ah
and and
anilfpysz ani
anqbyei anq
aoor ao
apmdvjftbobqd ap
ariki ari
arzcxefshagvert arz
atevmzueqdzvpxpx at
aubwjqhmpgkcdblso au
avjbrcfs av
azctnvfxnlorvpqw az
b b
bdcia bdc
bdsximwmrmj bds
beqeiztlvwwzwusv beq
berxykbtyvzfzgpfco ber
bjbzjwrqvi bj
blddebqcmplaorgjxdqi bld
blkgziob blk
bmjqjvlivdcff bm
bnuk bn
bpfihqogugwsutrokbvf bp
bqbrtgv bqb
bqkhqqmreuurhpch bqk
bscsw bsc
bsqvokbmcnqg bsq
btigicefrqiiwwan bt
bx bx
bxigcpdwa bxi
bxnjly bxn
byduxkpemaqksebiv by
bzktdqqnfzblify bz
c c
cbsiecopnrgwhpipibe cb
cdiauyjuioivyvf cdi
cdxep cdx
cemkkknkdipqhy ce
chowbyctodbwwexk ch
ckrq ck
clcplbpe clc
cluhgyftdeyoknwbd clu
collqfcyfqpzj co
cqqjmlbwes cq
crxjbfwjadupktr crx
cryw cry
csfagnwea cs
ctdrdwsvwz ctd
ctep cte
ctjw ctj
cukqdhpgds cu
cvqrlhynevqugzjqd cv
cwtsekzco cw
czdgltp cz
d d
db db
dceedfvhf dc
ddfd ddf
dds dds
de de
depf dep
dfuwqdvo df
djqvpgtwdm dj
dkylvmlffstu dk
dlhwlafpeyo dl
dmdyymiqsjzsazxlff dm
dpk dp
dqmuodqbdzdnnottz dqm
dqruyotb dqr
drrgbgiigzwmyooxe dr
dsbvtwntdssmkiuqpv dsb
dsqvdmwozpgyvt dsq
duacjpcmkdzos du
dvkusybjez dv
dyyo dy
ecovwoxcm ec
edjuwprpiqfwyltpmx ed
eewrqnlyoaqet ee
epcexeqnc ep
eqokdkjviiavrfklody eq
euqggezmrssdubxhch eu
eybcqtzxyz ey
fflr ffl
ffvavgakwto ffv
fgcsnqr fg
fiivvqbbpjehpncgt fi
fmhqfwayjwoxga fm
fojmtlvtqmxfssnegsq fo
fufpxrbimgwopd fuf
fukcbsgcoed fuk
fuoftczckmsazzpl fuo
furmpqqxnvpbm fur
fy fy
fyfrfshxmrczbhug fyf
fyhft fyh
g g
ga ga
gbzcrowzjevq gb
gccgiotlonvfwmqkojrg gc
gejx ge
ghvaffldvaaas gh
gimhojqhp gi
gjiwebdosbvkfudpu gj
gkpexsqkzlzxad gk
gloza gl
gmugfjhmm gm
gnheqpeqahdokscs gn
gojdmhyhyzfbfjawbrpa go
gpmnxooaepkazgvq gpm
gpuihwzwmvpqxuly gpu
gsxoe gs
gtfwcxvkmogoteknmm gtf
gtshldlodbngikh gts
gtyupplfeleluvck gty
gxlpenzfxska gxl
gxwcdjuwusmkvwsqvut gxw
gynvm gyn
gyzxkqs gyz
gzueuxoamlqwta gz
havnakeecd ha
hdjfnzmtzckvp hd
hea he
hfvjbpnvn hf
hgaqholzu hg
hhznf hh
hishcmgratm hi
hkigad hk
hl hl
horpzla ho
hpxccwzrljch hp
hsuf hs
hxwqylofknwnsqovwktb hx
hykxwhlhvyzlgzrmy hy
hzmwh hz
i i
ial ial
ialigujpgl iali
idbhh idbh
idbqkmwokrn idbq
ifjbggwhqy if
iieehrhfnkurr ii
ingvdzor in
iofywwf iof
iopmopzjqfuzrzactst iop
iqipyjqpwtwdnwovtaqb iq
irydhnevxuruk ir
iseyn is
iuay iu
iviiomqves iv
ixzax ix
j j
jdkuaotklogw jd
jel je
jhkdmfnqywfwrft jhk
jhuau jhu
jjygzpsrjsst jj
jkcsilfjy jk
jlaiasuzgdzm jl
joqfnzn jo
jrgjqzrjulgl jrg
jrmntyekgraxzdetxtd jrm
jtmmtfaquytc jt
jugkqkuombevym ju
jyckikzyq jy
k k
kdaytyyovzbir kd
kjfbomm kjf
kjhjprofzxryrnl kjh
klantgudruvup kl
kmmluhhobjrui kmm
kmo kmo
kodofflhtsxrjn kod
kowoq kow
kpjykchfceuvlll kp
kqmwcahkdwyhgwvuj kqm
kqygnoonogbalq kqy
krjjeglehlbpwvdc kr
kxufndvjnxadx kx
kyikusfzciervldmo kyi
kyswlmyaqwjyvrs kys
kzlxtl kz
lbpnqhiimjnhvmlhwlg lb
lcyqlkookn lc
ldnschb ld
lflyr lf
lglwjzqegergcrg lg
lhdtlxqr lhd
lhoy lho
lkoofotmessmswim lk
lnfjana lnf
lnlfvdkkyafzejcune lnl
lqgdqjefsexhjk lqg
lqrmwgxovvktr lqr
lrcfclzeqmhecxl lr
ltvemormpqz lt
lwmjabietvenjriwqdke lwm
lwwqzeypysoovzxtnaoi lww
m m
m m
mfsuhaioiottpp mf
mkybjbr mk
mndaqn mnd
mnpyxhizqhpduihl mnp
mnwnciq mnw
mqogqrcpphkvtybjogy mqo
mqpw mqp
mrmejwcpbdkaykekbx mr
mvr mv
mxhchjdl mx
mzdmf mz
n n
nbpvsunggtjylxvn nb
ndftpcbdtcsguse ndf
ndrswx ndr
ndytvzzpxnguhmif ndy
ngfhioelrnc ngf
ngsoyaazql ngs
nilirij nil
nirq nir
njvqxnkcdpouut nj
nlcnfk nlc
nldbsugamefzpct nld
nlefqeaboajtjuzqh nle
nliipturzaemoy nli
nolgvxqrbcr no
nroft nro
nrwvyesxhxkyhm nrw
nseh ns
nvmxqrhuufletnmhr nv
nwysyhktxorrmmyf nw
nzheddbfndjo nz
o o
obzlfluyja ob
ocdknzpratzbfu ocd
oclpzynaqskvrh ocl
ohiws oh
oie oie
oiesi oies
oivbnmu oiv
oohizgecdoh oo
opsgqlzdceiwzrtye op
oqqh oqq
oqyjtatefpuolmncrsd oqy
orvi or
oserroudb ose
ositq osi
oswugdbhyvwg osw
otlzmderlwrak otl
otyslnlfcj oty
otzjj otzj
otzrkyqhvjoghnrcbfgz otzr
ougbc oug
ouluwjwoo oul
ovtzffsiiulsruwsdzuq ov
owdtkrvfxlgnanzjo owd
own own
owouakdqwtlcsrrm owo
oymiutmfep oy
p p
p p
pbeljew pbe
pbixetbkcmgfbkwduat pbi
pcfbipet pcf
pcuvtzqnedbdxxrxal pcu
pdrtxytrrvm pd
pefzpbfpfpke pe
pf pf
pgoj pg
phdkyqxvzl phd
phxfttwqaidtp phx
pkxqdzqt pkx
pkzhvjvuyntil pkz
pojh po
pp pp
ppbpuhmoghonv ppb
pqalhnw pqa
pquzqzxfqlipmir pqu
prghjdhrmruuraow pr
ptqozc pt
pupjcnkuczujgoxwxdm pu
pvccmwc pv
pwcvodqhknji pw
pyioik pyi
pywsdlluybpzucryxo pyw
pz pz
qabzmhhqzkta qa
qcegv qce
qcwmixhmhwqrhfhcks qcw
qcz qcz
qfikagtm qf
qgvrtclwvyxyeullphar qgv
qgykrqrestbnxj qgy
qhfjpt qh
qjbzxvpxunqshrd qjb
qjiuuvoi qji
qjtqfjx qjt
qlmcynwyyavc ql
qqiuptncsfm qq
qtsrpbvmcnmziynrhsx qt
qvavyg qva
qvvssbvsyttudif qvv
rakdyxpaqkweaqg rak
raldiqviskrelro ral
rauvfadizqamdfojbo rau
rcg rcg
rcrm rcr
rftfcbcd rf
rgmvsvqfnceukx rg
rhrpx rhr
rhsghzzcy rhs
rjriytlixfpkqpjbdvgk rjr
rjyzsjhpquntnzyul rjy
rklqqzjounoaffsxlhmf rkl
rkvkuhketqskplzywx rkv
rlqjczuiyghc rl
rqh rq
ruihqnozsryhrslxztix rui
ruyrlrtrccgidqll ruy
rxgzndf rx
rymjrgqbrcaajskgknnd ry
rzzszj rz
sazhc sa
sdeaiohak sd
sgkubgg sgk
sgo sgo
sjeufmkppovurvtdmhj sj
soclefxpzdmvsfjopobq so
srsrzjxs sr
ssbcowoaw ss
stc stc
steddkwijbxziwqnnk ste
svexwozfqm sve
svvzmzyyjb svv
sxryiyscaz sx
sysohzfvrsivbdmsyyt sys
sytkmhevboh syt
t t
t t
takvtssqdodxdexhu ta
tcg tc
tecbn te
tffytbffbcil tff
tfoj tfo
tismkaaogzsdvrs ti
tlc tlc
tlpmftyxkj tlp
tlvibeammojykglhip tlv
tlwsjtcqikf tlw
tnibvipscpzhe tni
tnldfp tnl
toyabxsqcbfhowqbj to
tpufov tp
tslxjeoudsg ts
ttatkcahwdhus tt
tucojzbrqyqwkga tuc
tugwvg tug
tuirkx tui
txqubnmp txq
txrsglomkr txr
tzloqmuvqagvymtrr tz
u u
ubwzbj ub
uewikyztqwjjplwc ue
ugadoc uga
ugbmtvrzrxfchqwlfnr ugb
ugjwaiyhzfmdfilbj ugj
uird ui
ukmjtsdvaavwxwnpyugg uk
uonxwxgw uo
upecyjllthfzyn up
uruck ur
usyamtngtkzkurx us
utbftreyxsguuzj utb
utczeejlmiidtozui utc
uubwrstpsfclalpvyt uub
uuswbktno uus
uwrx uw
uxnxbtswrrtq ux
uyruqfunxkey uy
uzpk uz
vaxlzkswsmerydl va
vdbtueaxzvysn vd
vffjvifavjplyiifknal vff
vfrqg vfr
vfsuzznchrh vfs
vgggjzj vg
vi vi
vlfbasxlguiqnsabs vl
voxszflpgtgryrzlfumg vo
vphrtu vph
vpp vpp
vpr vpr
vqbbqkprltozaqajm vq
vrohquarhjdrlhwpcde vro
vrr vrr
vsqkoresiw vs
vthgfywnbzzyyrrppm vt
vurfjjqpeynitaiiiqo vu
vvubnlnoiusewrbdgud vvu
vvvthcovy vvv
vz vz
w w
w w
w w
waqoqhxkoxe wa
wbrxqjszzc wb
wc wc
wcsewj wcs
wgeiwoxzctjtpfdpprtt wg
whwpgijszegkkcyysnvx wh
wiypo wi
wjjwwjcxevfstmadmhlt wj
wl wl
wmmmrvsgzz wm
wratxdoxibbfiwvxyfnf wr
wsybycrxskifg ws
wu wu
wyfplayw wyf
wyprpnheieemexymle wyp
wyt wyt
wzrasa wz
xaff xaf
xazdllokidjbzrhjivih xaz
xdurrzmqncgnxoqesdnf xd
xfzuse xf
xjlk xj
xkebedtszhabjoge xke
xklloqo xkl
xmpbr xm
xnzynudbbfso xn
xoya xo
xr xr
xrlwqpsvyqwt xrl
xruoxprxwfhc xru
xstaprzadwcsgf xs
xtlxdr xtl
xtznoqmikzwxnuoa xtz
xv xv
xx xx
xyjl xy
xzpjhjpgxiczlvhdi xz
y y
yamx ya
yfplukbqggukbgy yf
yhxotnxjmzqjzzkon yh
yikubtjcx yi
yk yk
yrawtsrakhbzgae yra
yrwwbkeienbtrpjky yrw
yuewfyrecagbzzyiq yu
yx yx
z z
zfxup zf
zlzsijkhlq zl
zmemjhuhhnpg zme
zmmpueijcmugtjkgobtl zmm
zmvoggbzomfzzdbnqzl zmv
zodmktkejfdp zo
zpkc zp
zrkfzi zr
ztgehpvcmyspf zt
zuej zu
zwfypgfaqvqidtpxix zwf
zwrglxrwqgyxegijha zwr
zzfp zz
