a a
a a
acfoftsajie acf
acgjbjr acg
aekcswrpz ae
agvxwcwnbqutbpk ag
aiquhe ai
akwtttxjvty ak
aly al
aptgyjoahrex ap
avtvqnjzdk av
axy ax
ayavneowshklpc ay
baopmworred ba
bcktiwrrmxov bc
bdvxwconnaalwbgomzdz bd
blbtyxrpq bl
bp bp
bpsecawdiv bps
burz bu
bveusdrfthnplenjm bv
bwxacvwiw bw
bxzgghdkjc bx
cgozcfcdtjpmvqqkts cg
ciywuopvyqehsmna ci
clqckzwzjmrlqoekt cl
cmlvjhaubccj cml
cmn cmn
cpbdgslyrptma cpb
cpzkugjlgrrhqiorf cpz
cqnqptbrbvkbhpzfg cq
crrxqbobio cr
czultdhradambxmfq cz
dhsljzjufgahzycu dh
djbezn djb
djfuxdq djf
dksdaxcqu dk
dqgsexiosvgd dqg
dqnkwkdzxcoid dqn
dukhkjlwnfnzpcer du
dvbdodjjx dvb
dvvhdaavjjhtoaftx dvv
dzzuyhqemmoym dz
edd ed
egupshhzmffc eg
emdmccyshocadtajp emd
emelg eme
ezpmejeuo ez
fflfmjyqifeknumfwgp ffl
ffnvmxwbokbrgeeh ffn
frjqpywobbmrbjhhubs fr
fvbtkvssmucjbeip fvb
fvvcvhid fvv
fwxxmvd fw
gcasbmssfrpa gc
gghmozizuglwcs gg
gkks gk
gldusobsrqxedq gl
gndeqqshqpj gn
gwtzmnqzeumoo gw
gysscmpnzvq gy
h h
hb hb
hbouskfda hbo
hcuokibjhtqwbjui hc
hhujxf hhu
hhwslizxawlhmndgxbbw hhw
hibnraxgoxlnd hib
hiwlrcwywgonzsz hiw
hrr hr
hszl hs
hwdwhdfzrqcuqhyazp hw
hxjtyistazcjlqgbzsks hxj
hxmnvxbckvcbtgc hxm
ibntcaplo ib
idkzftirqqxvojhqly id
ifbheqk if
igpf ig
ikpliidmrwhjuhcsrkss ik
ileiqu ile
iljtlafslmcsxhix ilj
ivkofqqkmlw iv
ixyaxegjsuwyrky ix
izfeelphiqotrakg iz
jesmqgu je
jfenihtktn jf
jgfzxzgalbunmgdjm jg
jiuywzjneliu ji
jkky jk
jmg jm
jnbl jn
jootwpf jo
jp jp
jt jt
jxvneuuzxghyupjaifn jx
kamyopzlzprknyfsq ka
kbkkrcivwvhueow kb
khfheckwncwkmpjb kh
kjnrfuhlvueexvl kj
km km
knh kn
kqwfd kq
krtooaifsfwv krt
krulxxetgimeursudsag kru
ktmnnzh kt
kush ku
kvlpdkxxianiuzx kv
kyoniaqilndcjikr ky
lfdrcoczhgfxjnjfsxlw lf
lizzomgknkmmzlmxo li
ljpgsxypsu lj
llhzujthyyn ll
lmtntnpikcocqozhpq lm
lnfscfel ln
lrrw lr
lu lu
lvpm lv
lxo lx
mflkftfienf mfl
mfwidgfnfizicmxrdbgx mfw
miehbrqvwph mie
miupfbzdspdo miu
mjfwhdwhwuzwb mj
motkuxclmfojivh mo
mqvtttkf mq
mrhq mr
mtnmblzfbzbgvptx mt
musspmtbpaku mu
n n
naofcmqyosxn na
nbreowyuxmapgz nb
ndigeghmwycf nd
nfe nfe
nfovoaggvfcetdexk nfo
ngzqdcaypxrlfcrvhg ng
njjqtgkynhluwjulajwd nj
oe oe
og og
ogbpefxzqkhqabxgxp ogb
ohlraligaoh oh
ojcbxr ojc
ojxftzdtxzyvqcuuj ojx
omnrfyngbo omn
omsdofevygasgdpk oms
onner on
opbswh opb
ophajx oph
otqxmip ot
ovksf ov
owqlqrspjfaqnvnq owq
owwdfxacaa oww
oyfnhywu oyf
oykpzuvglygbohqkexof oyk
oz oz
ozkvxqwnvvugfciq ozk
p p
paskvaitixr pa
pfnmylpvdbioso pf
plpguc pl
podw po
pq pq
pvdzbwyqcwd pv
pwvvp pw
qanjlcxhnyfcsrl qa
qbwc qb
qctaqzrm qc
qfmcbnzewxoklhdizg qf
qgutjtcufx qg
qmybifpqgggq qm
qnqnfagnhxknxgzey qn
qpsgppvbiflnnfzlo qp
qqjtai qq
qrnesyhvoa qr
quxoodwjcgufcaq qu
qxddfthqagskbmvpyt qx
qz qz
qzxhzovtar qzx
r r
raqfowor raq
razrjaw raz
rgu rg
rhfazzhyp rh
riosyeozkvdqcuthvncc ri
rjfrqoucikjf rjf
rjwpp rjw
rpdojkwnqhuvevuqwk rp
rsoejfyrpilyoxwdcnjs rs
ruopvomwn ru
rzowtyjaxr rz
s s
s s
sdfujyjf sd
sehwehmtjwrajhefoc se
sihmp si
smdxn sm
sokghgyd so
stgalibqnsand st
sweawbctmyvum sw
t t
t t
tcaljrtlzbawsiy tca
tcxxxjysluocjpje tcx
tfxy tf
tikzeaxnpojyxrcfjez ti
tl tl
tpngxdofrjko tp
tqxgjjccywesvtrxkyg tq
trke tr
tsvobotxd ts
ttfccoczjivgwbha tt
ubnnui ub
ucpaycryvzvci uc
uimsmqcasbou ui
uocrvusuojsyqlx uo
upryqlfgyvjzbk up
uqrhosb uq
utaegiiwckssnq ut
uvcpwkezibjgskgvndl uv
valwf va
vbpag vb
vcdcjjvbenelaaqmdi vc
vedvidqnqc ve
vgtpbjxmfnhggxulyfmm vgt
vgxbfxzolnxn vgx
vhsgmcbombsdfclbnfpq vh
voqcogdsrltn vo
vpw vp
vtqfelhmpfblnq vt
vuigwuydiiwfbzbn vu
vygzgggx vy
waenebymjakpecoqxl wae
wascahpykmgysmhkg was
wbryizpwpnqnwphvl wb
wcnokfsbhry wc
wee wee
wegwryebszjrghel weg
whzoxfnlajgszyzz wh
wmbnva wm
wodagkzlcqjea wod
wojrfqscm woj
woubu wou
wrc wr
wutihmfpvfr wu
wzbposhmddak wz
xdnybewmmpk xd
xhhhc xh
xkkggj xkk
xkvxtwhhkpvggcs xkv
xmjuloxrckffpymbqb xmj
xmwqisiosmgetctyi xmw
xplfdzzfcvojopubjk xp
xrigfugigyy xri
xrsfmrlkpvhlgfpmz xrs
xseh xs
xtxvmlpjgj xt
xvqbxtnk xvq
xvsdjv xvs
xvzxdjqihh xvz
yau ya
ycytzifivkqzyay yc
ymgazqpjpxqex ymg
ymjnumyfc ymj
yuciyzxmtvro yu
yxstmvv yx
zcto zc
zkmyud zk
zlc zl
zmcsiyazmtovp zm
zuzakajlmh zu
zy zy
zyvooedlunpqr zyv
